  Paletter.cpp
d:\skola\dv2556 forskningsmetodik\dv2556-paletter\paletter\color24.h(4): warning C4005: 'max': macro redefinition
  c:\program files (x86)\windows kits\10\include\10.0.17763.0\shared\minwindef.h(193): note: see previous definition of 'max'
d:\skola\dv2556 forskningsmetodik\dv2556-paletter\paletter\color24.h(5): warning C4005: 'min': macro redefinition
  c:\program files (x86)\windows kits\10\include\10.0.17763.0\shared\minwindef.h(197): note: see previous definition of 'min'
d:\skola\dv2556 forskningsmetodik\dv2556-paletter\paletter\paletter.cpp(58): warning C4244: 'initializing': conversion from 'double' to 'float', possible loss of data
d:\skola\dv2556 forskningsmetodik\dv2556-paletter\paletter\paletter.cpp(59): warning C4244: 'initializing': conversion from 'double' to 'float', possible loss of data
d:\skola\dv2556 forskningsmetodik\dv2556-paletter\paletter\paletter.cpp(60): warning C4244: 'initializing': conversion from 'double' to 'float', possible loss of data
d:\skola\dv2556 forskningsmetodik\dv2556-paletter\paletter\paletter.cpp(70): warning C4244: 'initializing': conversion from 'double' to 'float', possible loss of data
d:\skola\dv2556 forskningsmetodik\dv2556-paletter\paletter\paletter.cpp(71): warning C4244: 'initializing': conversion from 'double' to 'float', possible loss of data
d:\skola\dv2556 forskningsmetodik\dv2556-paletter\paletter\paletter.cpp(72): warning C4244: 'initializing': conversion from 'double' to 'float', possible loss of data
d:\skola\dv2556 forskningsmetodik\dv2556-paletter\paletter\paletter.cpp(96): warning C4244: '=': conversion from 'double' to 'float', possible loss of data
d:\skola\dv2556 forskningsmetodik\dv2556-paletter\paletter\paletter.cpp(116): warning C4244: '=': conversion from 'double' to 'float', possible loss of data
d:\skola\dv2556 forskningsmetodik\dv2556-paletter\paletter\paletter.cpp(120): warning C4244: '=': conversion from 'double' to 'float', possible loss of data
d:\skola\dv2556 forskningsmetodik\dv2556-paletter\paletter\paletter.cpp(125): warning C4244: '=': conversion from 'double' to 'float', possible loss of data
d:\skola\dv2556 forskningsmetodik\dv2556-paletter\paletter\paletter.cpp(129): warning C4244: '=': conversion from 'double' to 'float', possible loss of data
d:\skola\dv2556 forskningsmetodik\dv2556-paletter\paletter\paletter.cpp(137): warning C4244: '=': conversion from 'double' to 'float', possible loss of data
d:\skola\dv2556 forskningsmetodik\dv2556-paletter\paletter\paletter.cpp(866): warning C4244: '=': conversion from 'float' to 'stbi_uc', possible loss of data
d:\skola\dv2556 forskningsmetodik\dv2556-paletter\paletter\paletter.cpp(887): warning C4244: '=': conversion from 'float' to 'stbi_uc', possible loss of data
d:\skola\dv2556 forskningsmetodik\dv2556-paletter\paletter\paletter.cpp(908): warning C4244: '=': conversion from 'float' to 'stbi_uc', possible loss of data
d:\skola\dv2556 forskningsmetodik\dv2556-paletter\paletter\paletter.cpp(939): warning C4244: '=': conversion from 'float' to 'stbi_uc', possible loss of data
d:\skola\dv2556 forskningsmetodik\dv2556-paletter\paletter\paletter.cpp(940): warning C4244: '=': conversion from 'float' to 'stbi_uc', possible loss of data
d:\skola\dv2556 forskningsmetodik\dv2556-paletter\paletter\paletter.cpp(941): warning C4244: '=': conversion from 'float' to 'stbi_uc', possible loss of data
d:\skola\dv2556 forskningsmetodik\dv2556-paletter\paletter\paletter.cpp(802): warning C4101: 'colorTable': unreferenced local variable
  Generating code
  1 of 428 functions ( 0.2%) were compiled, the rest were copied from previous compilation.
    0 functions were new in current compilation
    0 functions had inline decision re-evaluated but remain unchanged
  Finished generating code
  Paletter.vcxproj -> D:\Skola\DV2556 Forskningsmetodik\DV2556-Paletter\x64\Release\Paletter.exe
